<?xml version="1.0" encoding="UTF-8"?>
<!-- Generated by org.testng.reporters.JUnitReportReporter -->
<testsuite skipped="0" hostname="jajit-z01" name="com.hybrid.testCases.TC001_LoginTest" tests="1" failures="0" timestamp="2022-06-22T12:55:48 IST" time="19.846" errors="0">
  <testcase name="loginTest" time="19.846" classname="com.hybrid.testCases.TC001_LoginTest"/>
  <system-out/>
</testsuite> <!-- com.hybrid.testCases.TC001_LoginTest -->
