<?xml version="1.0" encoding="UTF-8"?>
<!-- Generated by org.testng.reporters.JUnitReportReporter -->
<testsuite skipped="0" hostname="jajit-z01" name="com.hybrid.testCases.BaseClass" tests="1" failures="0" timestamp="2022-06-21T20:33:13 IST" time="6.622" errors="0">
  <testcase name="loginTest" time="6.622" classname="com.hybrid.testCases.BaseClass"/>
  <system-out/>
</testsuite> <!-- com.hybrid.testCases.BaseClass -->
